date: 2014-02-13 23:28:07.208
argv: node C:\Users\dell\AppData\Roaming\npm\node_modules\hexo\bin\hexo s
os: Windows_NT 6.1.7601 win32 x64
version:
  hexo: 2.4.5
  http_parser: 1.0
  node: 0.10.12
  v8: 3.14.5.9
  ares: 1.9.0-DEV
  uv: 0.10.11
  zlib: 1.2.3
  modules: 11
  openssl: 1.0.1e
---

[debug] 23:28:06.514 Configuration file load successfully
[debug] 23:28:06.519 Version info checked successfully
[debug] 23:28:06.589 Loading database.
[debug] 23:28:06.661 Plugin loaded successfully: hexo-generator-feed
[debug] 23:28:06.664 Plugin loaded successfully: hexo-theme-greyshade
[debug] 23:28:06.691 Theme layout loaded
[debug] 23:28:06.696 Theme configuration loaded
[debug] 23:28:06.712 Theme language files loaded
[debug] 23:28:06.931 Theme source loaded
[debug] 23:28:06.948 Processed: about/index.md
[debug] 23:28:06.986 Processed: _posts/2014-software-recommend.md
[debug] 23:28:06.986 Processed: _posts/js-regexp.md
[debug] 23:28:06.992 Cache saved
[error] 23:28:07.200 Error: listen EADDRINUSE
Error: listen EADDRINUSE
    at errnoException (net.js:901:11)
    at Server._listen2 (net.js:1039:14)
    at listen (net.js:1061:10)
    at Server.listen (net.js:1127:5)
    at Function.app.listen (C:\Users\dell\AppData\Roaming\npm\node_modules\hexo\node_modules\express\lib\application.js:533:24)
    at C:\Users\dell\AppData\Roaming\npm\node_modules\hexo\lib\plugins\console\server.js:86:9
    at C:\Users\dell\AppData\Roaming\npm\node_modules\hexo\lib\post\load.js:67:7
    at C:\Users\dell\AppData\Roaming\npm\node_modules\hexo\node_modules\async\lib\async.js:116:25
    at C:\Users\dell\AppData\Roaming\npm\node_modules\hexo\node_modules\async\lib\async.js:24:16
    at D:\GitHub\skdream.github.io\node_modules\hexo-generator-feed\index.js:53:3
